# JRE version: OpenJDK Runtime Environment OpenLogic-OpenJDK (22.0.2+9) (build 22.0.2+9-adhoc.Administrator.jdk22u)
# Java VM: OpenJDK 64-Bit Server VM OpenLogic-OpenJDK (22.0.2+9-adhoc.Administrator.jdk22u, mixed mode, sharing, tiered, compressed oops, compressed class ptrs, g1 gc, windows-amd64)
GC Precious Log:
 CardTable entry size: 512
 Card Set container configuration: InlinePtr #cards 5 size 8 Array Of Cards #cards 12 size 40 Howl #buckets 4 coarsen threshold 1843 Howl Bitmap #cards 512 size 80 coarsen threshold 460 Card regions per heap region 1 cards per card region 2048
 CPUs: 4 total, 4 available
 Memory: 3862M
 Large Page Support: Disabled
 NUMA Support: Disabled
 Compressed Oops: Enabled (32-bit)
 Heap Region Size: 1M
 Heap Min Capacity: 8M
 Heap Initial Capacity: 62M
 Heap Max Capacity: 966M
 Pre-touch: Disabled
 Parallel Workers: 4
 Concurrent Workers: 1
 Concurrent Refinement Workers: 4
 Periodic GC: Disabled
Heap:
 garbage-first heap   total reserved 989184K, committed 39936K, used 31718K [0x00000000c3a00000, 0x0000000100000000)
  region size 1024K, 22 young (22528K), 2 survivors (2048K)
 Metaspace       used 35501K, committed 35776K, reserved 1114112K
  class space    used 4330K, committed 4480K, reserved 1048576K
GC Heap History (12 events):
Event: 3.194 GC heap before
{Heap before GC invocations=0 (full 0):
 garbage-first heap   total reserved 989184K, committed 63488K, used 17408K [0x00000000c3a00000, 0x0000000100000000)
  region size 1024K, 14 young (14336K), 0 survivors (0K)
 Metaspace       used 4430K, committed 4608K, reserved 1114112K
  class space    used 351K, committed 448K, reserved 1048576K
}
Event: 3.261 GC heap after
{Heap after GC invocations=1 (full 0):
 garbage-first heap   total reserved 989184K, committed 63488K, used 5602K [0x00000000c3a00000, 0x0000000100000000)
  region size 1024K, 2 young (2048K), 2 survivors (2048K)
 Metaspace       used 4430K, committed 4608K, reserved 1114112K
  class space    used 351K, committed 448K, reserved 1048576K
}
Event: 5.997 GC heap before
{Heap before GC invocations=1 (full 0):
 garbage-first heap   total reserved 989184K, committed 63488K, used 25058K [0x00000000c3a00000, 0x0000000100000000)
  region size 1024K, 22 young (22528K), 2 survivors (2048K)
 Metaspace       used 10717K, committed 10944K, reserved 1114112K
  class space    used 1109K, committed 1216K, reserved 1048576K
}
Event: 6.005 GC heap after
{Heap after GC invocations=2 (full 0):
 garbage-first heap   total reserved 989184K, committed 63488K, used 6803K [0x00000000c3a00000, 0x0000000100000000)
  region size 1024K, 1 young (1024K), 1 survivors (1024K)
 Metaspace       used 10717K, committed 10944K, reserved 1114112K
  class space    used 1109K, committed 1216K, reserved 1048576K
}
Event: 9.576 GC heap before
{Heap before GC invocations=2 (full 0):
 garbage-first heap   total reserved 989184K, committed 63488K, used 42643K [0x00000000c3a00000, 0x0000000100000000)
  region size 1024K, 37 young (37888K), 1 survivors (1024K)
 Metaspace       used 20535K, committed 20800K, reserved 1114112K
  class space    used 2304K, committed 2432K, reserved 1048576K
}
Event: 9.585 GC heap after
{Heap after GC invocations=3 (full 0):
 garbage-first heap   total reserved 989184K, committed 63488K, used 9084K [0x00000000c3a00000, 0x0000000100000000)
  region size 1024K, 4 young (4096K), 4 survivors (4096K)
 Metaspace       used 20535K, committed 20800K, reserved 1114112K
  class space    used 2304K, committed 2432K, reserved 1048576K
}
Event: 9.993 GC heap before
{Heap before GC invocations=3 (full 0):
 garbage-first heap   total reserved 989184K, committed 63488K, used 10108K [0x00000000c3a00000, 0x0000000100000000)
  region size 1024K, 6 young (6144K), 4 survivors (4096K)
 Metaspace       used 21267K, committed 21504K, reserved 1114112K
  class space    used 2507K, committed 2624K, reserved 1048576K
}
Event: 10.000 GC heap after
{Heap after GC invocations=4 (full 0):
 garbage-first heap   total reserved 989184K, committed 63488K, used 9337K [0x00000000c3a00000, 0x0000000100000000)
  region size 1024K, 3 young (3072K), 3 survivors (3072K)
 Metaspace       used 21267K, committed 21504K, reserved 1114112K
  class space    used 2507K, committed 2624K, reserved 1048576K
}
Event: 12.659 GC heap before
{Heap before GC invocations=5 (full 0):
 garbage-first heap   total reserved 989184K, committed 34816K, used 33913K [0x00000000c3a00000, 0x0000000100000000)
  region size 1024K, 27 young (27648K), 3 survivors (3072K)
 Metaspace       used 26204K, committed 26560K, reserved 1114112K
  class space    used 3371K, committed 3520K, reserved 1048576K
}
Event: 12.671 GC heap after
{Heap after GC invocations=6 (full 0):
 garbage-first heap   total reserved 989184K, committed 39936K, used 11883K [0x00000000c3a00000, 0x0000000100000000)
  region size 1024K, 5 young (5120K), 5 survivors (5120K)
 Metaspace       used 26204K, committed 26560K, reserved 1114112K
  class space    used 3371K, committed 3520K, reserved 1048576K
}
Event: 14.178 GC heap before
{Heap before GC invocations=6 (full 0):
 garbage-first heap   total reserved 989184K, committed 39936K, used 29291K [0x00000000c3a00000, 0x0000000100000000)
  region size 1024K, 23 young (23552K), 5 survivors (5120K)
 Metaspace       used 30926K, committed 31232K, reserved 1114112K
  class space    used 3855K, committed 3968K, reserved 1048576K
}
Event: 14.194 GC heap after
{Heap after GC invocations=7 (full 0):
 garbage-first heap   total reserved 989184K, committed 39936K, used 13286K [0x00000000c3a00000, 0x0000000100000000)
  region size 1024K, 2 young (2048K), 2 survivors (2048K)
 Metaspace       used 30926K, committed 31232K, reserved 1114112K
  class space    used 3855K, committed 3968K, reserved 1048576K
}

