# JRE version: OpenJDK Runtime Environment OpenLogic-OpenJDK (22.0.2+9) (build 22.0.2+9-adhoc.Administrator.jdk22u)
# Java VM: OpenJDK 64-Bit Server VM OpenLogic-OpenJDK (22.0.2+9-adhoc.Administrator.jdk22u, mixed mode, sharing, tiered, compressed oops, compressed class ptrs, g1 gc, windows-amd64)
GC Precious Log:
 CardTable entry size: 512
 Card Set container configuration: InlinePtr #cards 5 size 8 Array Of Cards #cards 12 size 40 Howl #buckets 4 coarsen threshold 1843 Howl Bitmap #cards 512 size 80 coarsen threshold 460 Card regions per heap region 1 cards per card region 2048
 CPUs: 4 total, 4 available
 Memory: 3862M
 Large Page Support: Disabled
 NUMA Support: Disabled
 Compressed Oops: Enabled (32-bit)
 Heap Region Size: 1M
 Heap Min Capacity: 8M
 Heap Initial Capacity: 62M
 Heap Max Capacity: 966M
 Pre-touch: Disabled
 Parallel Workers: 4
 Concurrent Workers: 1
 Concurrent Refinement Workers: 4
 Periodic GC: Disabled
Heap:
 garbage-first heap   total reserved 989184K, committed 70656K, used 45258K [0x00000000c3a00000, 0x0000000100000000)
  region size 1024K, 7 young (7168K), 2 survivors (2048K)
 Metaspace       used 51049K, committed 51392K, reserved 1114112K
  class space    used 5944K, committed 6080K, reserved 1048576K
GC Heap History (20 events):
Event: 9.934 GC heap before
{Heap before GC invocations=9 (full 0):
 garbage-first heap   total reserved 989184K, committed 44032K, used 25600K [0x00000000c3a00000, 0x0000000100000000)
  region size 1024K, 6 young (6144K), 3 survivors (3072K)
 Metaspace       used 35837K, committed 36096K, reserved 1114112K
  class space    used 4360K, committed 4480K, reserved 1048576K
}
Event: 9.938 GC heap after
{Heap after GC invocations=10 (full 0):
 garbage-first heap   total reserved 989184K, committed 44032K, used 24585K [0x00000000c3a00000, 0x0000000100000000)
  region size 1024K, 1 young (1024K), 1 survivors (1024K)
 Metaspace       used 35837K, committed 36096K, reserved 1114112K
  class space    used 4360K, committed 4480K, reserved 1048576K
}
Event: 10.782 GC heap before
{Heap before GC invocations=11 (full 0):
 garbage-first heap   total reserved 989184K, committed 44032K, used 35849K [0x00000000c3a00000, 0x0000000100000000)
  region size 1024K, 12 young (12288K), 1 survivors (1024K)
 Metaspace       used 38196K, committed 38528K, reserved 1114112K
  class space    used 4615K, committed 4736K, reserved 1048576K
}
Event: 10.786 GC heap after
{Heap after GC invocations=12 (full 0):
 garbage-first heap   total reserved 989184K, committed 44032K, used 25251K [0x00000000c3a00000, 0x0000000100000000)
  region size 1024K, 2 young (2048K), 2 survivors (2048K)
 Metaspace       used 38196K, committed 38528K, reserved 1114112K
  class space    used 4615K, committed 4736K, reserved 1048576K
}
Event: 11.132 GC heap before
{Heap before GC invocations=12 (full 0):
 garbage-first heap   total reserved 989184K, committed 44032K, used 36515K [0x00000000c3a00000, 0x0000000100000000)
  region size 1024K, 13 young (13312K), 2 survivors (2048K)
 Metaspace       used 38864K, committed 39168K, reserved 1114112K
  class space    used 4688K, committed 4800K, reserved 1048576K
}
Event: 11.141 GC heap after
{Heap after GC invocations=13 (full 0):
 garbage-first heap   total reserved 989184K, committed 44032K, used 28137K [0x00000000c3a00000, 0x0000000100000000)
  region size 1024K, 2 young (2048K), 2 survivors (2048K)
 Metaspace       used 38864K, committed 39168K, reserved 1114112K
  class space    used 4688K, committed 4800K, reserved 1048576K
}
Event: 11.678 GC heap before
{Heap before GC invocations=13 (full 0):
 garbage-first heap   total reserved 989184K, committed 44032K, used 36329K [0x00000000c3a00000, 0x0000000100000000)
  region size 1024K, 11 young (11264K), 2 survivors (2048K)
 Metaspace       used 40247K, committed 40512K, reserved 1114112K
  class space    used 4856K, committed 4992K, reserved 1048576K
}
Event: 11.685 GC heap after
{Heap after GC invocations=14 (full 0):
 garbage-first heap   total reserved 989184K, committed 44032K, used 29934K [0x00000000c3a00000, 0x0000000100000000)
  region size 1024K, 2 young (2048K), 2 survivors (2048K)
 Metaspace       used 40247K, committed 40512K, reserved 1114112K
  class space    used 4856K, committed 4992K, reserved 1048576K
}
Event: 12.634 GC heap before
{Heap before GC invocations=15 (full 0):
 garbage-first heap   total reserved 989184K, committed 51200K, used 38126K [0x00000000c3a00000, 0x0000000100000000)
  region size 1024K, 10 young (10240K), 2 survivors (2048K)
 Metaspace       used 41561K, committed 41856K, reserved 1114112K
  class space    used 5024K, committed 5120K, reserved 1048576K
}
Event: 12.640 GC heap after
{Heap after GC invocations=16 (full 0):
 garbage-first heap   total reserved 989184K, committed 51200K, used 30921K [0x00000000c3a00000, 0x0000000100000000)
  region size 1024K, 1 young (1024K), 1 survivors (1024K)
 Metaspace       used 41561K, committed 41856K, reserved 1114112K
  class space    used 5024K, committed 5120K, reserved 1048576K
}
Event: 13.196 GC heap before
{Heap before GC invocations=16 (full 0):
 garbage-first heap   total reserved 989184K, committed 51200K, used 42185K [0x00000000c3a00000, 0x0000000100000000)
  region size 1024K, 13 young (13312K), 1 survivors (1024K)
 Metaspace       used 42132K, committed 42432K, reserved 1114112K
  class space    used 5073K, committed 5184K, reserved 1048576K
}
Event: 13.206 GC heap after
{Heap after GC invocations=17 (full 0):
 garbage-first heap   total reserved 989184K, committed 51200K, used 33078K [0x00000000c3a00000, 0x0000000100000000)
  region size 1024K, 2 young (2048K), 2 survivors (2048K)
 Metaspace       used 42132K, committed 42432K, reserved 1114112K
  class space    used 5073K, committed 5184K, reserved 1048576K
}
Event: 13.683 GC heap before
{Heap before GC invocations=17 (full 0):
 garbage-first heap   total reserved 989184K, committed 51200K, used 44342K [0x00000000c3a00000, 0x0000000100000000)
  region size 1024K, 13 young (13312K), 2 survivors (2048K)
 Metaspace       used 42772K, committed 43008K, reserved 1114112K
  class space    used 5140K, committed 5248K, reserved 1048576K
}
Event: 13.695 GC heap after
{Heap after GC invocations=18 (full 0):
 garbage-first heap   total reserved 989184K, committed 61440K, used 36606K [0x00000000c3a00000, 0x0000000100000000)
  region size 1024K, 2 young (2048K), 2 survivors (2048K)
 Metaspace       used 42772K, committed 43008K, reserved 1114112K
  class space    used 5140K, committed 5248K, reserved 1048576K
}
Event: 15.334 GC heap before
{Heap before GC invocations=19 (full 0):
 garbage-first heap   total reserved 989184K, committed 61440K, used 49918K [0x00000000c3a00000, 0x0000000100000000)
  region size 1024K, 17 young (17408K), 2 survivors (2048K)
 Metaspace       used 44586K, committed 44928K, reserved 1114112K
  class space    used 5277K, committed 5440K, reserved 1048576K
}
Event: 15.348 GC heap after
{Heap after GC invocations=20 (full 0):
 garbage-first heap   total reserved 989184K, committed 61440K, used 38483K [0x00000000c3a00000, 0x0000000100000000)
  region size 1024K, 3 young (3072K), 3 survivors (3072K)
 Metaspace       used 44586K, committed 44928K, reserved 1114112K
  class space    used 5277K, committed 5440K, reserved 1048576K
}
Event: 17.069 GC heap before
{Heap before GC invocations=20 (full 0):
 garbage-first heap   total reserved 989184K, committed 61440K, used 51795K [0x00000000c3a00000, 0x0000000100000000)
  region size 1024K, 17 young (17408K), 3 survivors (3072K)
 Metaspace       used 47268K, committed 47552K, reserved 1114112K
  class space    used 5571K, committed 5696K, reserved 1048576K
}
Event: 17.081 GC heap after
{Heap after GC invocations=21 (full 0):
 garbage-first heap   total reserved 989184K, committed 61440K, used 40001K [0x00000000c3a00000, 0x0000000100000000)
  region size 1024K, 2 young (2048K), 2 survivors (2048K)
 Metaspace       used 47268K, committed 47552K, reserved 1114112K
  class space    used 5571K, committed 5696K, reserved 1048576K
}
Event: 18.582 GC heap before
{Heap before GC invocations=21 (full 0):
 garbage-first heap   total reserved 989184K, committed 61440K, used 52289K [0x00000000c3a00000, 0x0000000100000000)
  region size 1024K, 15 young (15360K), 2 survivors (2048K)
 Metaspace       used 50063K, committed 50368K, reserved 1114112K
  class space    used 5821K, committed 5952K, reserved 1048576K
}
Event: 18.590 GC heap after
{Heap after GC invocations=22 (full 0):
 garbage-first heap   total reserved 989184K, committed 61440K, used 41162K [0x00000000c3a00000, 0x0000000100000000)
  region size 1024K, 2 young (2048K), 2 survivors (2048K)
 Metaspace       used 50063K, committed 50368K, reserved 1114112K
  class space    used 5821K, committed 5952K, reserved 1048576K
}

